<?xml version="1.0" encoding="UTF-8"?>
<!-- Generated by org.testng.reporters.JUnitReportReporter -->
<testsuite hostname="DESKTOP-GQ1HDIT" failures="0" tests="1" name="RestApi.GetRequest" time="2.017" errors="0" timestamp="29 May 2022 06:52:44 GMT" skipped="0">
  <testcase classname="RestApi.GetRequest" name="test1" time="2.017"/>
</testsuite> <!-- RestApi.GetRequest -->
