<?xml version="1.0" encoding="UTF-8"?>
<!-- Generated by org.testng.reporters.JUnitReportReporter -->
<testsuite hostname="DESKTOP-GQ1HDIT" failures="0" tests="1" name="APIChaining.EndToEndTest" time="3.864" errors="0" timestamp="29 May 2022 06:29:03 GMT" skipped="0">
  <testcase classname="APIChaining.EndToEndTest" name="test1" time="3.864"/>
</testsuite> <!-- APIChaining.EndToEndTest -->
