<?xml version="1.0" encoding="UTF-8"?>
<!-- Generated by org.testng.reporters.JUnitReportReporter -->
<testsuite hostname="DESKTOP-GQ1HDIT" failures="0" tests="1" name="RestApi.DeleteRequest" time="2.098" errors="0" timestamp="29 May 2022 04:02:12 GMT" skipped="0">
  <testcase classname="RestApi.DeleteRequest" name="test1" time="2.098"/>
</testsuite> <!-- RestApi.DeleteRequest -->
