<?xml version="1.0" encoding="UTF-8"?>
<!-- Generated by org.testng.reporters.JUnitReportReporter -->
<testsuite hostname="DESKTOP-GQ1HDIT" failures="0" tests="1" name="RestBDD.PutReqBDD" time="2.666" errors="0" timestamp="04 Jun 2022 05:08:00 GMT" skipped="0">
  <testcase classname="RestBDD.PutReqBDD" name="test1" time="2.666"/>
</testsuite> <!-- RestBDD.PutReqBDD -->
