<?xml version="1.0" encoding="UTF-8"?>
<!-- Generated by org.testng.reporters.JUnitReportReporter -->
<testsuite hostname="DESKTOP-GQ1HDIT" failures="0" tests="2" name="RestAPIXML.XMLTest" time="4.445" errors="0" timestamp="04 Jun 2022 06:31:27 GMT" skipped="0">
  <testcase classname="RestAPIXML.XMLTest" name="test1" time="2.826"/>
  <testcase classname="RestAPIXML.XMLTest" name="test2" time="1.619"/>
</testsuite> <!-- RestAPIXML.XMLTest -->
