<?xml version="1.0" encoding="UTF-8"?>
<!-- Generated by org.testng.reporters.JUnitReportReporter -->
<testsuite hostname="DESKTOP-GQ1HDIT" failures="0" tests="1" name="RestApi.PostRequestWithJsonObj" time="3.121" errors="0" timestamp="28 May 2022 06:41:25 GMT" skipped="0">
  <testcase classname="RestApi.PostRequestWithJsonObj" name="test1" time="3.121"/>
</testsuite> <!-- RestApi.PostRequestWithJsonObj -->
