<?xml version="1.0" encoding="UTF-8"?>
<!-- Generated by org.testng.reporters.JUnitReportReporter -->
<testsuite hostname="DESKTOP-GQ1HDIT" failures="0" tests="1" name="RestBDD.PostReqBDD" time="3.417" errors="0" timestamp="04 Jun 2022 05:00:25 GMT" skipped="0">
  <testcase classname="RestBDD.PostReqBDD" name="test1" time="3.417"/>
</testsuite> <!-- RestBDD.PostReqBDD -->
