<?xml version="1.0" encoding="UTF-8"?>
<!-- Generated by org.testng.reporters.JUnitReportReporter -->
<testsuite hostname="DESKTOP-GQ1HDIT" failures="0" tests="2" name="RestBDD.GetReqBDD" time="3.192" errors="0" timestamp="04 Jun 2022 04:34:13 GMT" skipped="0">
  <testcase classname="RestBDD.GetReqBDD" name="test2" time="1.070"/>
  <testcase classname="RestBDD.GetReqBDD" name="test1" time="2.122"/>
</testsuite> <!-- RestBDD.GetReqBDD -->
