<?xml version="1.0" encoding="UTF-8"?>
<!-- Generated by org.testng.reporters.JUnitReportReporter -->
<testsuite hostname="DESKTOP-GQ1HDIT" failures="0" tests="1" name="RestBDD.DeleteReqBDD" time="2.374" errors="0" timestamp="04 Jun 2022 05:17:48 GMT" skipped="0">
  <testcase classname="RestBDD.DeleteReqBDD" name="test1" time="2.374"/>
</testsuite> <!-- RestBDD.DeleteReqBDD -->
