<?xml version="1.0" encoding="UTF-8"?>
<!-- Generated by org.testng.reporters.JUnitReportReporter -->
<testsuite hostname="DESKTOP-GQ1HDIT" failures="0" tests="1" name="RestApi.PostReqWithMap" time="4.093" errors="0" timestamp="29 May 2022 03:51:38 GMT" skipped="0">
  <testcase classname="RestApi.PostReqWithMap" name="test1" time="4.093"/>
</testsuite> <!-- RestApi.PostReqWithMap -->
