<?xml version="1.0" encoding="UTF-8"?>
<!-- Generated by org.testng.reporters.JUnitReportReporter -->
<testsuite hostname="DESKTOP-GQ1HDIT" failures="0" tests="1" name="RestApi.PostReqWithFile" time="4.448" errors="0" timestamp="28 May 2022 07:22:35 GMT" skipped="0">
  <testcase classname="RestApi.PostReqWithFile" name="test1" time="4.448"/>
</testsuite> <!-- RestApi.PostReqWithFile -->
