<?xml version="1.0" encoding="UTF-8"?>
<!-- Generated by org.testng.reporters.JUnitReportReporter -->
<testsuite hostname="DESKTOP-GQ1HDIT" failures="0" tests="2" name="GitHub.EndToEndTest" time="3.578" errors="0" timestamp="29 May 2022 07:19:21 GMT" skipped="0">
  <testcase classname="GitHub.EndToEndTest" name="test2" time="1.097"/>
  <testcase classname="GitHub.EndToEndTest" name="test1" time="2.481"/>
</testsuite> <!-- GitHub.EndToEndTest -->
