<?xml version="1.0" encoding="UTF-8"?>
<!-- Generated by org.testng.reporters.JUnitReportReporter -->
<testsuite hostname="DESKTOP-GQ1HDIT" failures="0" tests="1" name="RestApi.GetRequestWithParams" time="3.055" errors="0" timestamp="28 May 2022 05:24:23 GMT" skipped="0">
  <testcase classname="RestApi.GetRequestWithParams" name="test1" time="3.055"/>
</testsuite> <!-- RestApi.GetRequestWithParams -->
