<?xml version="1.0" encoding="UTF-8"?>
<!-- Generated by org.testng.reporters.JUnitReportReporter -->
<testsuite hostname="DESKTOP-GQ1HDIT" failures="0" tests="1" name="RestApi.PutRequest" time="2.844" errors="0" timestamp="04 Jun 2022 05:07:30 GMT" skipped="0">
  <testcase classname="RestApi.PutRequest" name="test1" time="2.844"/>
</testsuite> <!-- RestApi.PutRequest -->
