<?xml version="1.0" encoding="UTF-8"?>
<!-- Generated by org.testng.reporters.JUnitReportReporter -->
<testsuite hostname="DESKTOP-GQ1HDIT" failures="0" tests="1" name="RestApi.PostRequest" time="2.309" errors="0" timestamp="28 May 2022 06:06:33 GMT" skipped="0">
  <testcase classname="RestApi.PostRequest" name="test1" time="2.309"/>
</testsuite> <!-- RestApi.PostRequest -->
