<?xml version="1.0" encoding="UTF-8"?>
<!-- Generated by org.testng.reporters.JUnitReportReporter -->
<testsuite skipped="0" hostname="DESKTOP-GQ1HDIT" name="APIChaining.EndToEndTest" tests="1" failures="0" timestamp="29 May 2022 06:33:22 GMT" time="3.113" errors="0">
  <testcase name="test1" time="3.113" classname="APIChaining.EndToEndTest"/>
</testsuite> <!-- APIChaining.EndToEndTest -->
